  [1m[35m (3.0ms)[0m  [1m[35mCREATE DATABASE "db/sfsourcer_development"."postgresql" ENCODING = 'utf8'[0m
  ↳ /Users/christopher_distasio/.rvm/gems/ruby-2.3.3/bin/rake:23
  [1m[35m (645.4ms)[0m  [1m[35mCREATE DATABASE "db/sfsourcer_development" ENCODING = 'utf8'[0m
  ↳ /Users/christopher_distasio/.rvm/gems/ruby-2.3.3/bin/rake:23
  [1m[35m (644.7ms)[0m  [1m[35mCREATE DATABASE "db/sfsourcer_test" ENCODING = 'utf8'[0m
  ↳ /Users/christopher_distasio/.rvm/gems/ruby-2.3.3/bin/rake:23
  [1m[35m (21.3ms)[0m  [1m[35mCREATE TABLE "schema_migrations" ("version" character varying NOT NULL PRIMARY KEY)[0m
  ↳ bin/rails:9
  [1m[35m (21.6ms)[0m  [1m[35mCREATE TABLE "ar_internal_metadata" ("key" character varying NOT NULL PRIMARY KEY, "value" character varying, "created_at" timestamp NOT NULL, "updated_at" timestamp NOT NULL)[0m
  ↳ bin/rails:9
  [1m[35m (2.1ms)[0m  [1m[34mSELECT pg_try_advisory_lock(1735238570364744900)[0m
  ↳ bin/rails:9
  [1m[35m (0.7ms)[0m  [1m[34mSELECT "schema_migrations"."version" FROM "schema_migrations" ORDER BY "schema_migrations"."version" ASC[0m
  ↳ bin/rails:9
  [1m[36mActiveRecord::InternalMetadata Load (2.8ms)[0m  [1m[34mSELECT  "ar_internal_metadata".* FROM "ar_internal_metadata" WHERE "ar_internal_metadata"."key" = $1 LIMIT $2[0m  [["key", "environment"], ["LIMIT", 1]]
  ↳ bin/rails:9
  [1m[35m (0.2ms)[0m  [1m[35mBEGIN[0m
  ↳ bin/rails:9
  [1m[36mActiveRecord::InternalMetadata Create (19.6ms)[0m  [1m[32mINSERT INTO "ar_internal_metadata" ("key", "value", "created_at", "updated_at") VALUES ($1, $2, $3, $4) RETURNING "key"[0m  [["key", "environment"], ["value", "development"], ["created_at", "2018-07-07 16:53:21.380987"], ["updated_at", "2018-07-07 16:53:21.380987"]]
  ↳ bin/rails:9
  [1m[35m (1.4ms)[0m  [1m[35mCOMMIT[0m
  ↳ bin/rails:9
  [1m[35m (0.3ms)[0m  [1m[34mSELECT pg_advisory_unlock(1735238570364744900)[0m
  ↳ bin/rails:9
  [1m[35m (0.3ms)[0m  [1m[34mSELECT "schema_migrations"."version" FROM "schema_migrations" ORDER BY "schema_migrations"."version" ASC[0m
  ↳ bin/rails:9
